2016-11-14 17:34:35,979 Start
2016-11-14 17:34:40,542 Scanning RPUD.wCasing...
2016-11-14 17:34:40,542 Total count in RPUD.wCasing is: 267
2016-11-14 17:34:40,559 0 null value found in field FACILITYID
2016-11-14 17:34:40,559 0 out of 267 not null value do not have correct prefix 'WCAS' in FacilityID
2016-11-14 17:34:40,559 ...
2016-11-14 17:34:42,144 Scanning RPUD.wControlValve...
2016-11-14 17:34:42,144 Total count in RPUD.wControlValve is: 6240
2016-11-14 17:34:42,144 1 null value found in field FACILITYID
2016-11-14 17:34:42,144 0 out of 6239 not null value do not have correct prefix 'WCV' in FacilityID
2016-11-14 17:34:42,144 ...
2016-11-14 17:34:52,032 Scanning RPUD.wFitting...
2016-11-14 17:34:52,032 Total count in RPUD.wFitting is: 103127
2016-11-14 17:34:52,032 0 null value found in field FACILITYID
2016-11-14 17:34:52,032 1 out of 103127 not null value do not have correct prefix 'WFIT' in FacilityID
2016-11-14 17:34:52,032 ...
2016-11-14 17:34:52,671 Scanning RPUD.wGravityMain...
2016-11-14 17:34:52,671 Total count in RPUD.wGravityMain is: 86
2016-11-14 17:34:52,671 0 null value found in field FACILITYID
2016-11-14 17:34:52,671 0 out of 86 not null value do not have correct prefix 'WGM' in FacilityID
2016-11-14 17:34:52,671 ...
2016-11-14 17:34:55,292 Scanning RPUD.wHydrant...
2016-11-14 17:34:55,292 Total count in RPUD.wHydrant is: 27416
2016-11-14 17:34:55,292 5 null value found in field FACILITYID
2016-11-14 17:34:55,292 0 out of 27411 not null value do not have correct prefix 'WHYD' in FacilityID
2016-11-14 17:34:55,292 ...
2016-11-14 17:35:01,019 Scanning RPUD.wLateralLine...
2016-11-14 17:35:01,019 Total count in RPUD.wLateralLine is: 92120
2016-11-14 17:35:01,019 5 null value found in field FACILITYID
2016-11-14 17:35:01,019 0 out of 92115 not null value do not have correct prefix 'WLAT' in FacilityID
2016-11-14 17:35:01,019 ...
2016-11-14 17:35:01,674 Scanning RPUD.wNetworkStructure...
2016-11-14 17:35:01,674 Total count in RPUD.wNetworkStructure is: 73
2016-11-14 17:35:01,674 1 null value found in field FACILITYID
2016-11-14 17:35:01,674 0 out of 72 not null value do not have correct prefix 'WNS' in FacilityID
2016-11-14 17:35:01,674 ...
2016-11-14 17:35:07,414 Scanning RPUD.wPressureMain...
2016-11-14 17:35:07,414 Total count in RPUD.wPressureMain is: 92861
2016-11-14 17:35:07,414 5 null value found in field FACILITYID
2016-11-14 17:35:07,414 0 out of 92856 not null value do not have correct prefix 'WMN' in FacilityID
2016-11-14 17:35:07,414 ...
2016-11-14 17:35:08,242 Scanning RPUD.wSamplingStation...
2016-11-14 17:35:08,242 Total count in RPUD.wSamplingStation is: 249
2016-11-14 17:35:08,242 0 null value found in field FACILITYID
2016-11-14 17:35:08,242 0 out of 249 not null value do not have correct prefix 'WSS' in FacilityID
2016-11-14 17:35:08,242 ...
2016-11-14 17:35:19,332 Scanning RPUD.wServiceConnection...
2016-11-14 17:35:19,332 Total count in RPUD.wServiceConnection is: 191429
2016-11-14 17:35:19,332 2 null value found in field FACILITYID
2016-11-14 17:35:19,332 2 out of 191427 not null value do not have correct prefix 'WSC' in FacilityID
2016-11-14 17:35:19,332 ...
2016-11-14 17:35:26,400 Scanning RPUD.wSystemValve...
2016-11-14 17:35:26,400 Total count in RPUD.wSystemValve is: 65650
2016-11-14 17:35:26,400 1 null value found in field FACILITYID
2016-11-14 17:35:26,400 3 out of 65649 not null value do not have correct prefix 'WSV' in FacilityID
2016-11-14 17:35:26,400 ...
2016-11-14 17:35:29,349 Scanning RPUD.ssAerial...
2016-11-14 17:35:29,349 Total count in RPUD.ssAerial is: 765
2016-11-14 17:35:29,365 0 null value found in field FACILITYID
2016-11-14 17:35:29,365 0 out of 765 not null value do not have correct prefix 'SAM' in FacilityID
2016-11-14 17:35:29,365 ...
2016-11-14 17:35:30,177 Scanning RPUD.ssCasing...
2016-11-14 17:35:30,177 Total count in RPUD.ssCasing is: 395
2016-11-14 17:35:30,177 0 null value found in field FACILITYID
2016-11-14 17:35:30,177 0 out of 395 not null value do not have correct prefix 'SCA' in FacilityID
2016-11-14 17:35:30,177 ...
2016-11-14 17:35:33,848 Scanning RPUD.ssCleanout...
2016-11-14 17:35:33,848 Total count in RPUD.ssCleanout is: 53828
2016-11-14 17:35:33,848 0 null value found in field FACILITYID
2016-11-14 17:35:33,848 0 out of 53828 not null value do not have correct prefix 'SCO' in FacilityID
2016-11-14 17:35:33,848 ...
2016-11-14 17:35:34,691 Scanning RPUD.ssControlValve...
2016-11-14 17:35:34,691 Total count in RPUD.ssControlValve is: 429
2016-11-14 17:35:34,691 0 null value found in field FACILITYID
2016-11-14 17:35:34,691 0 out of 429 not null value do not have correct prefix 'SCV' in FacilityID
2016-11-14 17:35:34,691 ...
2016-11-14 17:35:37,530 Scanning RPUD.ssFitting...
2016-11-14 17:35:37,530 Total count in RPUD.ssFitting is: 38673
2016-11-14 17:35:37,530 0 null value found in field FACILITYID
2016-11-14 17:35:37,530 0 out of 38673 not null value do not have correct prefix 'SF' in FacilityID
2016-11-14 17:35:37,530 ...
2016-11-14 17:35:38,436 Scanning RPUD.ssForceMain...
2016-11-14 17:35:38,436 Total count in RPUD.ssForceMain is: 1537
2016-11-14 17:35:38,436 0 null value found in field FACILITYID
2016-11-14 17:35:38,436 0 out of 1537 not null value do not have correct prefix 'SFMN' in FacilityID
2016-11-14 17:35:38,436 ...
2016-11-14 17:35:44,411 Scanning RPUD.ssGravityMain...
2016-11-14 17:35:44,411 Total count in RPUD.ssGravityMain is: 69517
2016-11-14 17:35:44,411 0 null value found in field FACILITYID
2016-11-14 17:35:44,411 0 out of 69517 not null value do not have correct prefix 'SGMN' in FacilityID
2016-11-14 17:35:44,411 ...
2016-11-14 17:35:45,239 Scanning RPUD.ssGreaseTrap...
2016-11-14 17:35:45,239 Total count in RPUD.ssGreaseTrap is: 159
2016-11-14 17:35:45,239 0 null value found in field FACILITYID
2016-11-14 17:35:45,239 0 out of 159 not null value do not have correct prefix 'SGT' in FacilityID
2016-11-14 17:35:45,239 ...
2016-11-14 17:35:48,936 Scanning RPUD.ssLateralLine...
2016-11-14 17:35:48,936 Total count in RPUD.ssLateralLine is: 54780
2016-11-14 17:35:48,936 0 null value found in field FACILITYID
2016-11-14 17:35:48,936 0 out of 54780 not null value do not have correct prefix 'SLAT' in FacilityID
2016-11-14 17:35:48,936 ...
2016-11-14 17:35:54,286 Scanning RPUD.ssManhole...
2016-11-14 17:35:54,286 Total count in RPUD.ssManhole is: 69254
2016-11-14 17:35:54,286 0 null value found in field FACILITYID
2016-11-14 17:35:54,286 0 out of 69254 not null value do not have correct prefix 'SMH' in FacilityID
2016-11-14 17:35:54,286 ...
2016-11-14 17:35:54,927 Scanning RPUD.ssMeterStation...
2016-11-14 17:35:54,927 Total count in RPUD.ssMeterStation is: 9
2016-11-14 17:35:54,927 0 null value found in field FACILITYID
2016-11-14 17:35:54,927 0 out of 9 not null value do not have correct prefix 'SMS' in FacilityID
2016-11-14 17:35:54,927 ...
2016-11-14 17:35:55,753 Scanning RPUD.ssNetworkStructure...
2016-11-14 17:35:55,753 Total count in RPUD.ssNetworkStructure is: 186
2016-11-14 17:35:55,753 0 null value found in field FACILITYID
2016-11-14 17:35:55,753 0 out of 186 not null value do not have correct prefix 'SNS' in FacilityID
2016-11-14 17:35:55,753 ...
2016-11-14 17:35:56,579 Scanning RPUD.ssSystemValve...
2016-11-14 17:35:56,579 Total count in RPUD.ssSystemValve is: 363
2016-11-14 17:35:56,579 0 null value found in field FACILITYID
2016-11-14 17:35:56,579 0 out of 363 not null value do not have correct prefix 'SSV' in FacilityID
2016-11-14 17:35:56,579 ...
2016-11-14 17:35:59,030 Scanning RPUD.rCasing...
2016-11-14 17:35:59,030 Total count in RPUD.rCasing is: 3
2016-11-14 17:35:59,030 0 null value found in field FACILITYID
2016-11-14 17:35:59,030 0 out of 3 not null value do not have correct prefix 'RCAS' in FacilityID
2016-11-14 17:35:59,030 ...
2016-11-14 17:35:59,826 Scanning RPUD.rControlValve...
2016-11-14 17:35:59,826 Total count in RPUD.rControlValve is: 108
2016-11-14 17:35:59,826 0 null value found in field FACILITYID
2016-11-14 17:35:59,826 0 out of 108 not null value do not have correct prefix 'RCV' in FacilityID
2016-11-14 17:35:59,826 ...
2016-11-14 17:36:00,701 Scanning RPUD.rFitting...
2016-11-14 17:36:00,701 Total count in RPUD.rFitting is: 1719
2016-11-14 17:36:00,701 1 null value found in field FACILITYID
2016-11-14 17:36:00,701 0 out of 1718 not null value do not have correct prefix 'RFIT' in FacilityID
2016-11-14 17:36:00,701 ...
2016-11-14 17:36:01,404 Scanning RPUD.rHydrant...
2016-11-14 17:36:01,404 Total count in RPUD.rHydrant is: 16
2016-11-14 17:36:01,404 0 null value found in field FACILITYID
2016-11-14 17:36:01,404 0 out of 16 not null value do not have correct prefix 'RHYD' in FacilityID
2016-11-14 17:36:01,404 ...
2016-11-14 17:36:02,278 Scanning RPUD.rLateralLine...
2016-11-14 17:36:02,278 Total count in RPUD.rLateralLine is: 1232
2016-11-14 17:36:02,278 3 null value found in field FACILITYID
2016-11-14 17:36:02,278 0 out of 1229 not null value do not have correct prefix 'RLAT' in FacilityID
2016-11-14 17:36:02,278 ...
2016-11-14 17:36:02,963 Scanning RPUD.rNetworkStructure...
2016-11-14 17:36:02,963 Total count in RPUD.rNetworkStructure is: 6
2016-11-14 17:36:02,963 0 null value found in field FACILITYID
2016-11-14 17:36:02,963 0 out of 6 not null value do not have correct prefix 'RNS' in FacilityID
2016-11-14 17:36:02,963 ...
2016-11-14 17:36:03,790 Scanning RPUD.rPressureMain...
2016-11-14 17:36:03,790 Total count in RPUD.rPressureMain is: 870
2016-11-14 17:36:03,790 1 null value found in field FACILITYID
2016-11-14 17:36:03,790 0 out of 869 not null value do not have correct prefix 'RMN' in FacilityID
2016-11-14 17:36:03,790 ...
2016-11-14 17:36:04,446 Scanning RPUD.rSamplingStation...
2016-11-14 17:36:04,446 Total count in RPUD.rSamplingStation is: 6
2016-11-14 17:36:04,446 6 null value found in field FACILITYID
2016-11-14 17:36:04,446 0 out of 0 not null value do not have correct prefix 'RSS' in FacilityID
2016-11-14 17:36:04,446 ...
2016-11-14 17:36:05,117 Scanning RPUD.rServiceConnection...
2016-11-14 17:36:05,117 Total count in RPUD.rServiceConnection is: 29
2016-11-14 17:36:05,117 0 null value found in field FACILITYID
2016-11-14 17:36:05,117 0 out of 29 not null value do not have correct prefix 'RSC' in FacilityID
2016-11-14 17:36:05,117 ...
2016-11-14 17:36:05,944 Scanning RPUD.rSystemValve...
2016-11-14 17:36:05,944 Total count in RPUD.rSystemValve is: 231
2016-11-14 17:36:05,944 0 null value found in field FACILITYID
2016-11-14 17:36:05,944 0 out of 231 not null value do not have correct prefix 'RSV' in FacilityID
2016-11-14 17:36:05,944 ...
2016-11-14 17:36:05,944 End
2016-11-17 16:50:52,933 Start
2016-11-17 16:51:00,342 Scanning RPUD.wCasing...
2016-11-17 16:51:00,342 Total count in RPUD.wCasing is: 268
2016-11-17 16:51:00,342 0 null value found in field FACILITYID
2016-11-17 16:51:00,342 0 out of 268 not null value do not have correct prefix 'WCAS' in FacilityID
2016-11-17 16:51:00,342 ...
2016-11-17 16:51:03,479 Scanning RPUD.wControlValve...
2016-11-17 16:51:03,479 Total count in RPUD.wControlValve is: 6248
2016-11-17 16:51:03,479 1 null value found in field FACILITYID
2016-11-17 16:51:03,479 0 out of 6247 not null value do not have correct prefix 'WCV' in FacilityID
2016-11-17 16:51:03,479 ...
2016-11-17 16:51:19,052 Scanning RPUD.wFitting...
2016-11-17 16:51:19,052 Total count in RPUD.wFitting is: 103204
2016-11-17 16:51:19,052 0 null value found in field FACILITYID
2016-11-17 16:51:19,052 1 out of 103204 not null value do not have correct prefix 'WFIT' in FacilityID
2016-11-17 16:51:19,052 ...
2016-11-17 16:51:20,035 Scanning RPUD.wGravityMain...
2016-11-17 16:51:20,035 Total count in RPUD.wGravityMain is: 86
2016-11-17 16:51:20,035 0 null value found in field FACILITYID
2016-11-17 16:51:20,035 0 out of 86 not null value do not have correct prefix 'WGM' in FacilityID
2016-11-17 16:51:20,035 ...
2016-11-17 16:51:25,720 Scanning RPUD.wHydrant...
2016-11-17 16:51:25,720 Total count in RPUD.wHydrant is: 27432
2016-11-17 16:51:25,720 5 null value found in field FACILITYID
2016-11-17 16:51:25,720 0 out of 27427 not null value do not have correct prefix 'WHYD' in FacilityID
2016-11-17 16:51:25,720 ...
2016-11-17 16:51:46,517 Scanning RPUD.wLateralLine...
2016-11-17 16:51:46,517 Total count in RPUD.wLateralLine is: 92232
2016-11-17 16:51:46,517 5 null value found in field FACILITYID
2016-11-17 16:51:46,517 0 out of 92227 not null value do not have correct prefix 'WLAT' in FacilityID
2016-11-17 16:51:46,517 ...
2016-11-17 16:51:47,516 Scanning RPUD.wNetworkStructure...
2016-11-17 16:51:47,516 Total count in RPUD.wNetworkStructure is: 73
2016-11-17 16:51:47,516 1 null value found in field FACILITYID
2016-11-17 16:51:47,516 0 out of 72 not null value do not have correct prefix 'WNS' in FacilityID
2016-11-17 16:51:47,516 ...
2016-11-17 16:52:02,831 Scanning RPUD.wPressureMain...
2016-11-17 16:52:02,831 Total count in RPUD.wPressureMain is: 92978
2016-11-17 16:52:02,831 5 null value found in field FACILITYID
2016-11-17 16:52:02,831 0 out of 92973 not null value do not have correct prefix 'WMN' in FacilityID
2016-11-17 16:52:02,831 ...
2016-11-17 16:52:04,141 Scanning RPUD.wSamplingStation...
2016-11-17 16:52:04,141 Total count in RPUD.wSamplingStation is: 249
2016-11-17 16:52:04,141 0 null value found in field FACILITYID
2016-11-17 16:52:04,141 0 out of 249 not null value do not have correct prefix 'WSS' in FacilityID
2016-11-17 16:52:04,141 ...
2016-11-17 16:52:32,793 Scanning RPUD.wServiceConnection...
2016-11-17 16:52:32,793 Total count in RPUD.wServiceConnection is: 191429
2016-11-17 16:52:32,793 2 null value found in field FACILITYID
2016-11-17 16:52:32,793 2 out of 191427 not null value do not have correct prefix 'WSC' in FacilityID
2016-11-17 16:52:32,793 ...
2016-11-17 16:52:48,167 Scanning RPUD.wSystemValve...
2016-11-17 16:52:48,167 Total count in RPUD.wSystemValve is: 65749
2016-11-17 16:52:48,167 1 null value found in field FACILITYID
2016-11-17 16:52:48,167 3 out of 65748 not null value do not have correct prefix 'WSV' in FacilityID
2016-11-17 16:52:48,167 ...
2016-11-17 16:52:53,880 Scanning RPUD.ssAerial...
2016-11-17 16:52:53,880 Total count in RPUD.ssAerial is: 765
2016-11-17 16:52:53,880 0 null value found in field FACILITYID
2016-11-17 16:52:53,880 0 out of 765 not null value do not have correct prefix 'SAM' in FacilityID
2016-11-17 16:52:53,880 ...
2016-11-17 16:52:55,174 Scanning RPUD.ssCasing...
2016-11-17 16:52:55,174 Total count in RPUD.ssCasing is: 395
2016-11-17 16:52:55,174 0 null value found in field FACILITYID
2016-11-17 16:52:55,174 0 out of 395 not null value do not have correct prefix 'SCA' in FacilityID
2016-11-17 16:52:55,174 ...
2016-11-17 16:53:03,911 Scanning RPUD.ssCleanout...
2016-11-17 16:53:03,911 Total count in RPUD.ssCleanout is: 53881
2016-11-17 16:53:03,911 0 null value found in field FACILITYID
2016-11-17 16:53:03,911 0 out of 53881 not null value do not have correct prefix 'SCO' in FacilityID
2016-11-17 16:53:03,911 ...
2016-11-17 16:53:05,253 Scanning RPUD.ssControlValve...
2016-11-17 16:53:05,253 Total count in RPUD.ssControlValve is: 429
2016-11-17 16:53:05,253 0 null value found in field FACILITYID
2016-11-17 16:53:05,253 0 out of 429 not null value do not have correct prefix 'SCV' in FacilityID
2016-11-17 16:53:05,253 ...
2016-11-17 16:53:11,915 Scanning RPUD.ssFitting...
2016-11-17 16:53:11,915 Total count in RPUD.ssFitting is: 38698
2016-11-17 16:53:11,915 0 null value found in field FACILITYID
2016-11-17 16:53:11,915 0 out of 38698 not null value do not have correct prefix 'SF' in FacilityID
2016-11-17 16:53:11,915 ...
2016-11-17 16:53:13,413 Scanning RPUD.ssForceMain...
2016-11-17 16:53:13,413 Total count in RPUD.ssForceMain is: 1537
2016-11-17 16:53:13,413 0 null value found in field FACILITYID
2016-11-17 16:53:13,413 0 out of 1537 not null value do not have correct prefix 'SFMN' in FacilityID
2016-11-17 16:53:13,413 ...
2016-11-17 16:53:27,387 Scanning RPUD.ssGravityMain...
2016-11-17 16:53:27,387 Total count in RPUD.ssGravityMain is: 69536
2016-11-17 16:53:27,387 0 null value found in field FACILITYID
2016-11-17 16:53:27,387 0 out of 69536 not null value do not have correct prefix 'SGMN' in FacilityID
2016-11-17 16:53:27,387 ...
2016-11-17 16:53:28,805 Scanning RPUD.ssGreaseTrap...
2016-11-17 16:53:28,805 Total count in RPUD.ssGreaseTrap is: 159
2016-11-17 16:53:28,805 0 null value found in field FACILITYID
2016-11-17 16:53:28,805 0 out of 159 not null value do not have correct prefix 'SGT' in FacilityID
2016-11-17 16:53:28,805 ...
2016-11-17 16:53:39,773 Scanning RPUD.ssLateralLine...
2016-11-17 16:53:39,773 Total count in RPUD.ssLateralLine is: 54814
2016-11-17 16:53:39,773 0 null value found in field FACILITYID
2016-11-17 16:53:39,773 0 out of 54814 not null value do not have correct prefix 'SLAT' in FacilityID
2016-11-17 16:53:39,773 ...
2016-11-17 16:53:52,292 Scanning RPUD.ssManhole...
2016-11-17 16:53:52,292 Total count in RPUD.ssManhole is: 69273
2016-11-17 16:53:52,292 0 null value found in field FACILITYID
2016-11-17 16:53:52,292 0 out of 69273 not null value do not have correct prefix 'SMH' in FacilityID
2016-11-17 16:53:52,292 ...
2016-11-17 16:53:53,308 Scanning RPUD.ssMeterStation...
2016-11-17 16:53:53,308 Total count in RPUD.ssMeterStation is: 9
2016-11-17 16:53:53,308 0 null value found in field FACILITYID
2016-11-17 16:53:53,308 0 out of 9 not null value do not have correct prefix 'SMS' in FacilityID
2016-11-17 16:53:53,308 ...
2016-11-17 16:53:54,634 Scanning RPUD.ssNetworkStructure...
2016-11-17 16:53:54,634 Total count in RPUD.ssNetworkStructure is: 186
2016-11-17 16:53:54,634 0 null value found in field FACILITYID
2016-11-17 16:53:54,634 0 out of 186 not null value do not have correct prefix 'SNS' in FacilityID
2016-11-17 16:53:54,634 ...
2016-11-17 16:53:55,990 Scanning RPUD.ssSystemValve...
2016-11-17 16:53:55,990 Total count in RPUD.ssSystemValve is: 363
2016-11-17 16:53:55,990 0 null value found in field FACILITYID
2016-11-17 16:53:55,990 0 out of 363 not null value do not have correct prefix 'SSV' in FacilityID
2016-11-17 16:53:55,990 ...
2016-11-17 16:54:00,874 Scanning RPUD.rCasing...
2016-11-17 16:54:00,874 Total count in RPUD.rCasing is: 3
2016-11-17 16:54:00,874 0 null value found in field FACILITYID
2016-11-17 16:54:00,874 0 out of 3 not null value do not have correct prefix 'RCAS' in FacilityID
2016-11-17 16:54:00,874 ...
2016-11-17 16:54:02,184 Scanning RPUD.rControlValve...
2016-11-17 16:54:02,184 Total count in RPUD.rControlValve is: 108
2016-11-17 16:54:02,184 0 null value found in field FACILITYID
2016-11-17 16:54:02,184 0 out of 108 not null value do not have correct prefix 'RCV' in FacilityID
2016-11-17 16:54:02,184 ...
2016-11-17 16:54:03,762 Scanning RPUD.rFitting...
2016-11-17 16:54:03,762 Total count in RPUD.rFitting is: 1719
2016-11-17 16:54:03,762 1 null value found in field FACILITYID
2016-11-17 16:54:03,762 0 out of 1718 not null value do not have correct prefix 'RFIT' in FacilityID
2016-11-17 16:54:03,762 ...
2016-11-17 16:54:04,901 Scanning RPUD.rHydrant...
2016-11-17 16:54:04,901 Total count in RPUD.rHydrant is: 16
2016-11-17 16:54:04,901 0 null value found in field FACILITYID
2016-11-17 16:54:04,901 0 out of 16 not null value do not have correct prefix 'RHYD' in FacilityID
2016-11-17 16:54:04,901 ...
2016-11-17 16:54:06,319 Scanning RPUD.rLateralLine...
2016-11-17 16:54:06,319 Total count in RPUD.rLateralLine is: 1232
2016-11-17 16:54:06,319 3 null value found in field FACILITYID
2016-11-17 16:54:06,319 0 out of 1229 not null value do not have correct prefix 'RLAT' in FacilityID
2016-11-17 16:54:06,319 ...
2016-11-17 16:54:07,427 Scanning RPUD.rNetworkStructure...
2016-11-17 16:54:07,427 Total count in RPUD.rNetworkStructure is: 6
2016-11-17 16:54:07,427 0 null value found in field FACILITYID
2016-11-17 16:54:07,427 0 out of 6 not null value do not have correct prefix 'RNS' in FacilityID
2016-11-17 16:54:07,427 ...
2016-11-17 16:54:08,846 Scanning RPUD.rPressureMain...
2016-11-17 16:54:08,846 Total count in RPUD.rPressureMain is: 870
2016-11-17 16:54:08,846 1 null value found in field FACILITYID
2016-11-17 16:54:08,846 0 out of 869 not null value do not have correct prefix 'RMN' in FacilityID
2016-11-17 16:54:08,846 ...
2016-11-17 16:54:09,877 Scanning RPUD.rSamplingStation...
2016-11-17 16:54:09,877 Total count in RPUD.rSamplingStation is: 6
2016-11-17 16:54:09,877 6 null value found in field FACILITYID
2016-11-17 16:54:09,877 0 out of 0 not null value do not have correct prefix 'RSS' in FacilityID
2016-11-17 16:54:09,877 ...
2016-11-17 16:54:10,891 Scanning RPUD.rServiceConnection...
2016-11-17 16:54:10,891 Total count in RPUD.rServiceConnection is: 29
2016-11-17 16:54:10,891 0 null value found in field FACILITYID
2016-11-17 16:54:10,891 0 out of 29 not null value do not have correct prefix 'RSC' in FacilityID
2016-11-17 16:54:10,891 ...
2016-11-17 16:54:12,203 Scanning RPUD.rSystemValve...
2016-11-17 16:54:12,203 Total count in RPUD.rSystemValve is: 231
2016-11-17 16:54:12,203 0 null value found in field FACILITYID
2016-11-17 16:54:12,203 0 out of 231 not null value do not have correct prefix 'RSV' in FacilityID
2016-11-17 16:54:12,203 ...
2016-11-17 16:54:12,203 End
2016-12-07 23:14:43,016 Start
2016-12-07 23:29:14,219 Scanning RPUD.wCasing...
2016-12-07 23:29:14,219 Total count in RPUD.wCasing is: 271
2016-12-07 23:29:14,219 0 null value found in field FACILITYID
2016-12-07 23:29:14,219 0 out of 271 not null value do not have correct prefix 'WCAS' in FacilityID
2016-12-07 23:29:14,219 ...
2016-12-07 23:34:22,569 Scanning RPUD.wControlValve...
2016-12-07 23:34:22,569 Total count in RPUD.wControlValve is: 6263
2016-12-07 23:34:22,569 1 null value found in field FACILITYID
2016-12-07 23:34:22,569 0 out of 6262 not null value do not have correct prefix 'WCV' in FacilityID
2016-12-07 23:34:22,569 ...
2016-12-08 00:00:29,732 Scanning RPUD.wFitting...
2016-12-08 00:00:29,742 Total count in RPUD.wFitting is: 103986
2016-12-08 00:00:29,742 1 null value found in field FACILITYID
2016-12-08 00:00:29,742 1 out of 103985 not null value do not have correct prefix 'WFIT' in FacilityID
2016-12-08 00:00:29,742 ...
2016-12-08 00:00:34,026 Scanning RPUD.wGravityMain...
2016-12-08 00:00:34,026 Total count in RPUD.wGravityMain is: 86
2016-12-08 00:00:34,026 0 null value found in field FACILITYID
2016-12-08 00:00:34,026 0 out of 86 not null value do not have correct prefix 'WGM' in FacilityID
2016-12-08 00:00:34,026 ...
2016-12-08 00:04:02,796 Scanning RPUD.wHydrant...
2016-12-08 00:04:02,796 Total count in RPUD.wHydrant is: 27456
2016-12-08 00:04:02,796 5 null value found in field FACILITYID
2016-12-08 00:04:02,796 0 out of 27451 not null value do not have correct prefix 'WHYD' in FacilityID
2016-12-08 00:04:02,796 ...
2016-12-08 07:29:24,680 Start
2016-12-08 07:31:07,644 Scanning RPUD.wCasing...
2016-12-08 07:31:07,644 Total count in RPUD.wCasing is: 271
2016-12-08 07:31:07,644 0 null value found in field FACILITYID
2016-12-08 07:31:07,644 0 out of 271 not null value do not have correct prefix 'WCAS' in FacilityID
2016-12-08 07:31:07,644 ...
2016-12-08 07:31:28,605 Scanning RPUD.wControlValve...
2016-12-08 07:31:28,605 Total count in RPUD.wControlValve is: 6263
2016-12-08 07:31:28,605 1 null value found in field FACILITYID
2016-12-08 07:31:28,605 0 out of 6262 not null value do not have correct prefix 'WCV' in FacilityID
2016-12-08 07:31:28,605 ...
2016-12-08 07:36:22,479 Scanning RPUD.wFitting...
2016-12-08 07:36:22,479 Total count in RPUD.wFitting is: 103986
2016-12-08 07:36:22,479 1 null value found in field FACILITYID
2016-12-08 07:36:22,479 1 out of 103985 not null value do not have correct prefix 'WFIT' in FacilityID
2016-12-08 07:36:22,479 ...
2016-12-08 07:36:27,884 Scanning RPUD.wGravityMain...
2016-12-08 07:36:27,884 Total count in RPUD.wGravityMain is: 86
2016-12-08 07:36:27,884 0 null value found in field FACILITYID
2016-12-08 07:36:27,884 0 out of 86 not null value do not have correct prefix 'WGM' in FacilityID
2016-12-08 07:36:27,884 ...
2016-12-08 07:37:32,825 Scanning RPUD.wHydrant...
2016-12-08 07:37:32,825 Total count in RPUD.wHydrant is: 27456
2016-12-08 07:37:32,825 5 null value found in field FACILITYID
2016-12-08 07:37:32,825 0 out of 27451 not null value do not have correct prefix 'WHYD' in FacilityID
2016-12-08 07:37:32,825 ...
2016-12-08 07:40:57,500 Scanning RPUD.wLateralLine...
2016-12-08 07:40:57,500 Total count in RPUD.wLateralLine is: 93108
2016-12-08 07:40:57,500 5 null value found in field FACILITYID
2016-12-08 07:40:57,500 0 out of 93103 not null value do not have correct prefix 'WLAT' in FacilityID
2016-12-08 07:40:57,500 ...
2016-12-08 07:41:02,862 Scanning RPUD.wNetworkStructure...
2016-12-08 07:41:02,862 Total count in RPUD.wNetworkStructure is: 74
2016-12-08 07:41:02,862 2 null value found in field FACILITYID
2016-12-08 07:41:02,862 0 out of 72 not null value do not have correct prefix 'WNS' in FacilityID
2016-12-08 07:41:02,862 ...
2016-12-08 07:48:49,424 Scanning RPUD.wPressureMain...
2016-12-08 07:48:49,424 Total count in RPUD.wPressureMain is: 93447
2016-12-08 07:48:49,424 7 null value found in field FACILITYID
2016-12-08 07:48:49,424 0 out of 93440 not null value do not have correct prefix 'WMN' in FacilityID
2016-12-08 07:48:49,424 ...
2016-12-08 07:48:56,292 Scanning RPUD.wSamplingStation...
2016-12-08 07:48:56,292 Total count in RPUD.wSamplingStation is: 249
2016-12-08 07:48:56,292 0 null value found in field FACILITYID
2016-12-08 07:48:56,292 0 out of 249 not null value do not have correct prefix 'WSS' in FacilityID
2016-12-08 07:48:56,292 ...
2016-12-08 08:42:28,459 Start
2016-12-08 08:42:34,700 Scanning RPUD.wCasing...
2016-12-08 08:42:34,700 Total count in RPUD.wCasing is: 271
2016-12-08 08:42:34,700 0 null value found in field FACILITYID
2016-12-08 08:42:34,700 0 out of 271 not null value do not have correct prefix 'WCAS' in FacilityID
2016-12-08 08:42:34,700 ...
2016-12-08 08:42:36,243 Scanning RPUD.wControlValve...
2016-12-08 08:42:36,243 Total count in RPUD.wControlValve is: 6263
2016-12-08 08:42:36,243 1 null value found in field FACILITYID
2016-12-08 08:42:36,243 0 out of 6262 not null value do not have correct prefix 'WCV' in FacilityID
2016-12-08 08:42:36,243 ...
2016-12-08 08:42:43,924 Scanning RPUD.wFitting...
2016-12-08 08:42:43,924 Total count in RPUD.wFitting is: 103986
2016-12-08 08:42:43,924 1 null value found in field FACILITYID
2016-12-08 08:42:43,924 1 out of 103985 not null value do not have correct prefix 'WFIT' in FacilityID
2016-12-08 08:42:43,924 ...
2016-12-08 08:42:44,640 Scanning RPUD.wGravityMain...
2016-12-08 08:42:44,640 Total count in RPUD.wGravityMain is: 86
2016-12-08 08:42:44,640 0 null value found in field FACILITYID
2016-12-08 08:42:44,640 0 out of 86 not null value do not have correct prefix 'WGM' in FacilityID
2016-12-08 08:42:44,640 ...
2016-12-08 08:42:48,377 Scanning RPUD.wHydrant...
2016-12-08 08:42:48,377 Total count in RPUD.wHydrant is: 27456
2016-12-08 08:42:48,377 5 null value found in field FACILITYID
2016-12-08 08:42:48,377 0 out of 27451 not null value do not have correct prefix 'WHYD' in FacilityID
2016-12-08 08:42:48,377 ...
2016-12-08 08:42:54,999 Scanning RPUD.wLateralLine...
2016-12-08 08:42:54,999 Total count in RPUD.wLateralLine is: 93108
2016-12-08 08:42:54,999 5 null value found in field FACILITYID
2016-12-08 08:42:54,999 0 out of 93103 not null value do not have correct prefix 'WLAT' in FacilityID
2016-12-08 08:42:54,999 ...
2016-12-08 08:42:55,760 Scanning RPUD.wNetworkStructure...
2016-12-08 08:42:55,760 Total count in RPUD.wNetworkStructure is: 74
2016-12-08 08:42:55,760 2 null value found in field FACILITYID
2016-12-08 08:42:55,760 0 out of 72 not null value do not have correct prefix 'WNS' in FacilityID
2016-12-08 08:42:55,760 ...
2016-12-08 08:43:02,551 Scanning RPUD.wPressureMain...
2016-12-08 08:43:02,551 Total count in RPUD.wPressureMain is: 93447
2016-12-08 08:43:02,551 7 null value found in field FACILITYID
2016-12-08 08:43:02,551 0 out of 93440 not null value do not have correct prefix 'WMN' in FacilityID
2016-12-08 08:43:02,551 ...
2016-12-08 08:43:03,812 Scanning RPUD.wSamplingStation...
2016-12-08 08:43:03,812 Total count in RPUD.wSamplingStation is: 249
2016-12-08 08:43:03,812 0 null value found in field FACILITYID
2016-12-08 08:43:03,812 0 out of 249 not null value do not have correct prefix 'WSS' in FacilityID
2016-12-08 08:43:03,812 ...
2016-12-08 08:43:17,068 Scanning RPUD.wServiceConnection...
2016-12-08 08:43:17,068 Total count in RPUD.wServiceConnection is: 191363
2016-12-08 08:43:17,068 2 null value found in field FACILITYID
2016-12-08 08:43:17,068 2 out of 191361 not null value do not have correct prefix 'WSC' in FacilityID
2016-12-08 08:43:17,068 ...
2016-12-08 08:43:22,984 Scanning RPUD.wSystemValve...
2016-12-08 08:43:22,984 Total count in RPUD.wSystemValve is: 66133
2016-12-08 08:43:22,984 1 null value found in field FACILITYID
2016-12-08 08:43:22,984 3 out of 66132 not null value do not have correct prefix 'WSV' in FacilityID
2016-12-08 08:43:22,984 ...
2016-12-08 08:43:26,592 Scanning RPUD.ssAerial...
2016-12-08 08:43:26,592 Total count in RPUD.ssAerial is: 765
2016-12-08 08:43:26,592 0 null value found in field FACILITYID
2016-12-08 08:43:26,592 0 out of 765 not null value do not have correct prefix 'SAM' in FacilityID
2016-12-08 08:43:26,592 ...
2016-12-08 08:43:27,775 Scanning RPUD.ssCasing...
2016-12-08 08:43:27,775 Total count in RPUD.ssCasing is: 397
2016-12-08 08:43:27,775 0 null value found in field FACILITYID
2016-12-08 08:43:27,775 0 out of 397 not null value do not have correct prefix 'SCA' in FacilityID
2016-12-08 08:43:27,775 ...
2016-12-08 08:43:33,599 Scanning RPUD.ssCleanout...
2016-12-08 08:43:33,599 Total count in RPUD.ssCleanout is: 54221
2016-12-08 08:43:33,599 0 null value found in field FACILITYID
2016-12-08 08:43:33,599 0 out of 54221 not null value do not have correct prefix 'SCO' in FacilityID
2016-12-08 08:43:33,599 ...
2016-12-08 08:43:34,894 Scanning RPUD.ssControlValve...
2016-12-08 08:43:34,894 Total count in RPUD.ssControlValve is: 429
2016-12-08 08:43:34,894 0 null value found in field FACILITYID
2016-12-08 08:43:34,894 0 out of 429 not null value do not have correct prefix 'SCV' in FacilityID
2016-12-08 08:43:34,894 ...
2016-12-08 08:43:38,503 Scanning RPUD.ssFitting...
2016-12-08 08:43:38,503 Total count in RPUD.ssFitting is: 38896
2016-12-08 08:43:38,503 0 null value found in field FACILITYID
2016-12-08 08:43:38,503 0 out of 38896 not null value do not have correct prefix 'SF' in FacilityID
2016-12-08 08:43:38,503 ...
2016-12-08 08:43:39,882 Scanning RPUD.ssForceMain...
2016-12-08 08:43:39,882 Total count in RPUD.ssForceMain is: 1538
2016-12-08 08:43:39,882 0 null value found in field FACILITYID
2016-12-08 08:43:39,882 0 out of 1538 not null value do not have correct prefix 'SFMN' in FacilityID
2016-12-08 08:43:39,882 ...
2016-12-08 08:43:47,266 Scanning RPUD.ssGravityMain...
2016-12-08 08:43:47,266 Total count in RPUD.ssGravityMain is: 69621
2016-12-08 08:43:47,266 0 null value found in field FACILITYID
2016-12-08 08:43:47,266 0 out of 69621 not null value do not have correct prefix 'SGMN' in FacilityID
2016-12-08 08:43:47,266 ...
2016-12-08 08:43:48,519 Scanning RPUD.ssGreaseTrap...
2016-12-08 08:43:48,519 Total count in RPUD.ssGreaseTrap is: 161
2016-12-08 08:43:48,519 0 null value found in field FACILITYID
2016-12-08 08:43:48,519 0 out of 161 not null value do not have correct prefix 'SGT' in FacilityID
2016-12-08 08:43:48,519 ...
2016-12-08 08:43:53,266 Scanning RPUD.ssLateralLine...
2016-12-08 08:43:53,266 Total count in RPUD.ssLateralLine is: 55193
2016-12-08 08:43:53,266 0 null value found in field FACILITYID
2016-12-08 08:43:53,266 0 out of 55193 not null value do not have correct prefix 'SLAT' in FacilityID
2016-12-08 08:43:53,266 ...
2016-12-08 08:44:00,164 Scanning RPUD.ssManhole...
2016-12-08 08:44:00,164 Total count in RPUD.ssManhole is: 69338
2016-12-08 08:44:00,164 0 null value found in field FACILITYID
2016-12-08 08:44:00,164 0 out of 69338 not null value do not have correct prefix 'SMH' in FacilityID
2016-12-08 08:44:00,164 ...
2016-12-08 08:44:00,928 Scanning RPUD.ssMeterStation...
2016-12-08 08:44:00,928 Total count in RPUD.ssMeterStation is: 9
2016-12-08 08:44:00,928 0 null value found in field FACILITYID
2016-12-08 08:44:00,928 0 out of 9 not null value do not have correct prefix 'SMS' in FacilityID
2016-12-08 08:44:00,928 ...
2016-12-08 08:44:02,243 Scanning RPUD.ssNetworkStructure...
2016-12-08 08:44:02,243 Total count in RPUD.ssNetworkStructure is: 187
2016-12-08 08:44:02,243 0 null value found in field FACILITYID
2016-12-08 08:44:02,243 0 out of 187 not null value do not have correct prefix 'SNS' in FacilityID
2016-12-08 08:44:02,243 ...
2016-12-08 08:44:03,519 Scanning RPUD.ssSystemValve...
2016-12-08 08:44:03,519 Total count in RPUD.ssSystemValve is: 364
2016-12-08 08:44:03,519 0 null value found in field FACILITYID
2016-12-08 08:44:03,519 0 out of 364 not null value do not have correct prefix 'SSV' in FacilityID
2016-12-08 08:44:03,519 ...
2016-12-08 08:44:06,729 Scanning RPUD.rCasing...
2016-12-08 08:44:06,729 Total count in RPUD.rCasing is: 3
2016-12-08 08:44:06,729 0 null value found in field FACILITYID
2016-12-08 08:44:06,729 0 out of 3 not null value do not have correct prefix 'RCAS' in FacilityID
2016-12-08 08:44:06,729 ...
2016-12-08 08:44:08,023 Scanning RPUD.rControlValve...
2016-12-08 08:44:08,023 Total count in RPUD.rControlValve is: 108
2016-12-08 08:44:08,023 0 null value found in field FACILITYID
2016-12-08 08:44:08,023 0 out of 108 not null value do not have correct prefix 'RCV' in FacilityID
2016-12-08 08:44:08,023 ...
2016-12-08 08:44:09,430 Scanning RPUD.rFitting...
2016-12-08 08:44:09,430 Total count in RPUD.rFitting is: 1719
2016-12-08 08:44:09,430 1 null value found in field FACILITYID
2016-12-08 08:44:09,430 0 out of 1718 not null value do not have correct prefix 'RFIT' in FacilityID
2016-12-08 08:44:09,430 ...
2016-12-08 08:44:10,361 Scanning RPUD.rHydrant...
2016-12-08 08:44:10,361 Total count in RPUD.rHydrant is: 16
2016-12-08 08:44:10,361 0 null value found in field FACILITYID
2016-12-08 08:44:10,361 0 out of 16 not null value do not have correct prefix 'RHYD' in FacilityID
2016-12-08 08:44:10,361 ...
2016-12-08 08:44:11,676 Scanning RPUD.rLateralLine...
2016-12-08 08:44:11,676 Total count in RPUD.rLateralLine is: 1232
2016-12-08 08:44:11,676 3 null value found in field FACILITYID
2016-12-08 08:44:11,676 0 out of 1229 not null value do not have correct prefix 'RLAT' in FacilityID
2016-12-08 08:44:11,676 ...
2016-12-08 08:44:12,552 Scanning RPUD.rNetworkStructure...
2016-12-08 08:44:12,552 Total count in RPUD.rNetworkStructure is: 6
2016-12-08 08:44:12,552 0 null value found in field FACILITYID
2016-12-08 08:44:12,552 0 out of 6 not null value do not have correct prefix 'RNS' in FacilityID
2016-12-08 08:44:12,552 ...
2016-12-08 08:44:13,983 Scanning RPUD.rPressureMain...
2016-12-08 08:44:13,983 Total count in RPUD.rPressureMain is: 870
2016-12-08 08:44:13,983 1 null value found in field FACILITYID
2016-12-08 08:44:13,983 0 out of 869 not null value do not have correct prefix 'RMN' in FacilityID
2016-12-08 08:44:13,983 ...
2016-12-08 08:44:14,825 Scanning RPUD.rSamplingStation...
2016-12-08 08:44:14,825 Total count in RPUD.rSamplingStation is: 6
2016-12-08 08:44:14,825 6 null value found in field FACILITYID
2016-12-08 08:44:14,825 0 out of 0 not null value do not have correct prefix 'RSS' in FacilityID
2016-12-08 08:44:14,825 ...
2016-12-08 08:44:15,569 Scanning RPUD.rServiceConnection...
2016-12-08 08:44:15,569 Total count in RPUD.rServiceConnection is: 29
2016-12-08 08:44:15,569 0 null value found in field FACILITYID
2016-12-08 08:44:15,569 0 out of 29 not null value do not have correct prefix 'RSC' in FacilityID
2016-12-08 08:44:15,569 ...
2016-12-08 08:44:16,686 Scanning RPUD.rSystemValve...
2016-12-08 08:44:16,686 Total count in RPUD.rSystemValve is: 231
2016-12-08 08:44:16,686 0 null value found in field FACILITYID
2016-12-08 08:44:16,686 0 out of 231 not null value do not have correct prefix 'RSV' in FacilityID
2016-12-08 08:44:16,686 ...
2016-12-08 08:44:16,686 End
2016-12-08 16:36:13,296 Start
2016-12-08 16:36:31,434 Scanning RPUD.wCasing...
2016-12-08 16:36:31,434 Total count in RPUD.wCasing is: 271
2016-12-08 16:36:31,434 0 null value found in field FACILITYID
2016-12-08 16:36:31,434 0 out of 271 not null value do not have correct prefix 'WCAS' in FacilityID
2016-12-08 16:36:31,434 ...
2016-12-08 16:36:32,713 Scanning RPUD.wControlValve...
2016-12-08 16:36:32,713 Total count in RPUD.wControlValve is: 6262
2016-12-08 16:36:32,713 1 null value found in field FACILITYID
2016-12-08 16:36:32,713 0 out of 6261 not null value do not have correct prefix 'WCV' in FacilityID
2016-12-08 16:36:32,713 ...
2016-12-08 16:36:39,904 Scanning RPUD.wFitting...
2016-12-08 16:36:39,904 Total count in RPUD.wFitting is: 103992
2016-12-08 16:36:39,904 5 null value found in field FACILITYID
2016-12-08 16:36:39,904 1 out of 103987 not null value do not have correct prefix 'WFIT' in FacilityID
2016-12-08 16:36:39,904 ...
2016-12-08 16:36:40,575 Scanning RPUD.wGravityMain...
2016-12-08 16:36:40,575 Total count in RPUD.wGravityMain is: 86
2016-12-08 16:36:40,575 0 null value found in field FACILITYID
2016-12-08 16:36:40,575 0 out of 86 not null value do not have correct prefix 'WGM' in FacilityID
2016-12-08 16:36:40,575 ...
2016-12-08 16:36:43,352 Scanning RPUD.wHydrant...
2016-12-08 16:36:43,352 Total count in RPUD.wHydrant is: 27456
2016-12-08 16:36:43,352 5 null value found in field FACILITYID
2016-12-08 16:36:43,352 0 out of 27451 not null value do not have correct prefix 'WHYD' in FacilityID
2016-12-08 16:36:43,352 ...
2016-12-08 16:36:49,815 Scanning RPUD.wLateralLine...
2016-12-08 16:36:49,815 Total count in RPUD.wLateralLine is: 93114
2016-12-08 16:36:49,815 8 null value found in field FACILITYID
2016-12-08 16:36:49,815 0 out of 93106 not null value do not have correct prefix 'WLAT' in FacilityID
2016-12-08 16:36:49,815 ...
2016-12-08 16:36:50,487 Scanning RPUD.wNetworkStructure...
2016-12-08 16:36:50,487 Total count in RPUD.wNetworkStructure is: 74
2016-12-08 16:36:50,487 2 null value found in field FACILITYID
2016-12-08 16:36:50,487 0 out of 72 not null value do not have correct prefix 'WNS' in FacilityID
2016-12-08 16:36:50,487 ...
2016-12-08 16:36:56,947 Scanning RPUD.wPressureMain...
2016-12-08 16:36:56,947 Total count in RPUD.wPressureMain is: 93447
2016-12-08 16:36:56,947 7 null value found in field FACILITYID
2016-12-08 16:36:56,947 0 out of 93440 not null value do not have correct prefix 'WMN' in FacilityID
2016-12-08 16:36:56,947 ...
2016-12-08 16:36:57,713 Scanning RPUD.wSamplingStation...
2016-12-08 16:36:57,713 Total count in RPUD.wSamplingStation is: 249
2016-12-08 16:36:57,713 0 null value found in field FACILITYID
2016-12-08 16:36:57,713 0 out of 249 not null value do not have correct prefix 'WSS' in FacilityID
2016-12-08 16:36:57,713 ...
2016-12-08 16:37:10,150 Scanning RPUD.wServiceConnection...
2016-12-08 16:37:10,150 Total count in RPUD.wServiceConnection is: 191363
2016-12-08 16:37:10,150 2 null value found in field FACILITYID
2016-12-08 16:37:10,150 2 out of 191361 not null value do not have correct prefix 'WSC' in FacilityID
2016-12-08 16:37:10,150 ...
2016-12-08 16:37:15,269 Scanning RPUD.wSystemValve...
2016-12-08 16:37:15,269 Total count in RPUD.wSystemValve is: 66138
2016-12-08 16:37:15,269 3 null value found in field FACILITYID
2016-12-08 16:37:15,269 3 out of 66135 not null value do not have correct prefix 'WSV' in FacilityID
2016-12-08 16:37:15,269 ...
2016-12-08 16:37:18,530 Scanning RPUD.ssAerial...
2016-12-08 16:37:18,530 Total count in RPUD.ssAerial is: 765
2016-12-08 16:37:18,530 0 null value found in field FACILITYID
2016-12-08 16:37:18,530 0 out of 765 not null value do not have correct prefix 'SAM' in FacilityID
2016-12-08 16:37:18,530 ...
2016-12-08 16:37:19,430 Scanning RPUD.ssCasing...
2016-12-08 16:37:19,430 Total count in RPUD.ssCasing is: 397
2016-12-08 16:37:19,430 0 null value found in field FACILITYID
2016-12-08 16:37:19,430 0 out of 397 not null value do not have correct prefix 'SCA' in FacilityID
2016-12-08 16:37:19,430 ...
2016-12-08 16:37:23,795 Scanning RPUD.ssCleanout...
2016-12-08 16:37:23,795 Total count in RPUD.ssCleanout is: 54221
2016-12-08 16:37:23,795 0 null value found in field FACILITYID
2016-12-08 16:37:23,795 0 out of 54221 not null value do not have correct prefix 'SCO' in FacilityID
2016-12-08 16:37:23,795 ...
2016-12-08 16:37:24,730 Scanning RPUD.ssControlValve...
2016-12-08 16:37:24,730 Total count in RPUD.ssControlValve is: 429
2016-12-08 16:37:24,730 0 null value found in field FACILITYID
2016-12-08 16:37:24,730 0 out of 429 not null value do not have correct prefix 'SCV' in FacilityID
2016-12-08 16:37:24,730 ...
2016-12-08 16:37:27,974 Scanning RPUD.ssFitting...
2016-12-08 16:37:27,974 Total count in RPUD.ssFitting is: 38896
2016-12-08 16:37:27,974 0 null value found in field FACILITYID
2016-12-08 16:37:27,974 0 out of 38896 not null value do not have correct prefix 'SF' in FacilityID
2016-12-08 16:37:27,974 ...
2016-12-08 16:37:28,927 Scanning RPUD.ssForceMain...
2016-12-08 16:37:28,927 Total count in RPUD.ssForceMain is: 1538
2016-12-08 16:37:28,927 0 null value found in field FACILITYID
2016-12-08 16:37:28,927 0 out of 1538 not null value do not have correct prefix 'SFMN' in FacilityID
2016-12-08 16:37:28,927 ...
2016-12-08 16:37:36,559 Scanning RPUD.ssGravityMain...
2016-12-08 16:37:36,559 Total count in RPUD.ssGravityMain is: 69621
2016-12-08 16:37:36,559 0 null value found in field FACILITYID
2016-12-08 16:37:36,559 0 out of 69621 not null value do not have correct prefix 'SGMN' in FacilityID
2016-12-08 16:37:36,559 ...
2016-12-08 16:37:37,450 Scanning RPUD.ssGreaseTrap...
2016-12-08 16:37:37,450 Total count in RPUD.ssGreaseTrap is: 161
2016-12-08 16:37:37,450 0 null value found in field FACILITYID
2016-12-08 16:37:37,450 0 out of 161 not null value do not have correct prefix 'SGT' in FacilityID
2016-12-08 16:37:37,450 ...
2016-12-08 16:37:41,654 Scanning RPUD.ssLateralLine...
2016-12-08 16:37:41,654 Total count in RPUD.ssLateralLine is: 55196
2016-12-08 16:37:41,654 3 null value found in field FACILITYID
2016-12-08 16:37:41,654 0 out of 55193 not null value do not have correct prefix 'SLAT' in FacilityID
2016-12-08 16:37:41,654 ...
2016-12-08 16:37:47,822 Scanning RPUD.ssManhole...
2016-12-08 16:37:47,822 Total count in RPUD.ssManhole is: 69338
2016-12-08 16:37:47,822 0 null value found in field FACILITYID
2016-12-08 16:37:47,822 0 out of 69338 not null value do not have correct prefix 'SMH' in FacilityID
2016-12-08 16:37:47,822 ...
2016-12-08 16:37:48,552 Scanning RPUD.ssMeterStation...
2016-12-08 16:37:48,552 Total count in RPUD.ssMeterStation is: 9
2016-12-08 16:37:48,552 0 null value found in field FACILITYID
2016-12-08 16:37:48,552 0 out of 9 not null value do not have correct prefix 'SMS' in FacilityID
2016-12-08 16:37:48,552 ...
2016-12-08 16:37:49,486 Scanning RPUD.ssNetworkStructure...
2016-12-08 16:37:49,486 Total count in RPUD.ssNetworkStructure is: 187
2016-12-08 16:37:49,486 0 null value found in field FACILITYID
2016-12-08 16:37:49,486 0 out of 187 not null value do not have correct prefix 'SNS' in FacilityID
2016-12-08 16:37:49,486 ...
2016-12-08 16:37:50,476 Scanning RPUD.ssSystemValve...
2016-12-08 16:37:50,476 Total count in RPUD.ssSystemValve is: 364
2016-12-08 16:37:50,476 0 null value found in field FACILITYID
2016-12-08 16:37:50,476 0 out of 364 not null value do not have correct prefix 'SSV' in FacilityID
2016-12-08 16:37:50,476 ...
2016-12-08 16:37:53,118 Scanning RPUD.rCasing...
2016-12-08 16:37:53,118 Total count in RPUD.rCasing is: 3
2016-12-08 16:37:53,118 0 null value found in field FACILITYID
2016-12-08 16:37:53,118 0 out of 3 not null value do not have correct prefix 'RCAS' in FacilityID
2016-12-08 16:37:53,118 ...
2016-12-08 16:37:54,017 Scanning RPUD.rControlValve...
2016-12-08 16:37:54,017 Total count in RPUD.rControlValve is: 108
2016-12-08 16:37:54,017 0 null value found in field FACILITYID
2016-12-08 16:37:54,017 0 out of 108 not null value do not have correct prefix 'RCV' in FacilityID
2016-12-08 16:37:54,017 ...
2016-12-08 16:37:54,987 Scanning RPUD.rFitting...
2016-12-08 16:37:54,987 Total count in RPUD.rFitting is: 1719
2016-12-08 16:37:54,987 1 null value found in field FACILITYID
2016-12-08 16:37:54,987 0 out of 1718 not null value do not have correct prefix 'RFIT' in FacilityID
2016-12-08 16:37:54,987 ...
2016-12-08 16:37:55,696 Scanning RPUD.rHydrant...
2016-12-08 16:37:55,696 Total count in RPUD.rHydrant is: 16
2016-12-08 16:37:55,696 0 null value found in field FACILITYID
2016-12-08 16:37:55,696 0 out of 16 not null value do not have correct prefix 'RHYD' in FacilityID
2016-12-08 16:37:55,696 ...
2016-12-08 16:37:56,602 Scanning RPUD.rLateralLine...
2016-12-08 16:37:56,602 Total count in RPUD.rLateralLine is: 1232
2016-12-08 16:37:56,602 3 null value found in field FACILITYID
2016-12-08 16:37:56,602 0 out of 1229 not null value do not have correct prefix 'RLAT' in FacilityID
2016-12-08 16:37:56,602 ...
2016-12-08 16:37:57,269 Scanning RPUD.rNetworkStructure...
2016-12-08 16:37:57,269 Total count in RPUD.rNetworkStructure is: 6
2016-12-08 16:37:57,269 0 null value found in field FACILITYID
2016-12-08 16:37:57,269 0 out of 6 not null value do not have correct prefix 'RNS' in FacilityID
2016-12-08 16:37:57,269 ...
2016-12-08 16:37:58,201 Scanning RPUD.rPressureMain...
2016-12-08 16:37:58,203 Total count in RPUD.rPressureMain is: 870
2016-12-08 16:37:58,203 1 null value found in field FACILITYID
2016-12-08 16:37:58,203 0 out of 869 not null value do not have correct prefix 'RMN' in FacilityID
2016-12-08 16:37:58,203 ...
2016-12-08 16:37:58,848 Scanning RPUD.rSamplingStation...
2016-12-08 16:37:58,848 Total count in RPUD.rSamplingStation is: 6
2016-12-08 16:37:58,848 6 null value found in field FACILITYID
2016-12-08 16:37:58,848 0 out of 0 not null value do not have correct prefix 'RSS' in FacilityID
2016-12-08 16:37:58,848 ...
2016-12-08 16:37:59,483 Scanning RPUD.rServiceConnection...
2016-12-08 16:37:59,483 Total count in RPUD.rServiceConnection is: 29
2016-12-08 16:37:59,483 0 null value found in field FACILITYID
2016-12-08 16:37:59,483 0 out of 29 not null value do not have correct prefix 'RSC' in FacilityID
2016-12-08 16:37:59,483 ...
2016-12-08 16:38:00,413 Scanning RPUD.rSystemValve...
2016-12-08 16:38:00,414 Total count in RPUD.rSystemValve is: 231
2016-12-08 16:38:00,414 0 null value found in field FACILITYID
2016-12-08 16:38:00,414 0 out of 231 not null value do not have correct prefix 'RSV' in FacilityID
2016-12-08 16:38:00,414 ...
2016-12-08 16:38:00,414 End
2016-12-13 16:35:09,913 Start
2016-12-13 16:35:18,467 Scanning RPUD.wCasing...
2016-12-13 16:35:18,467 Total count in RPUD.wCasing is: 271
2016-12-13 16:35:18,467 0 null value found in field FACILITYID
2016-12-13 16:35:18,467 0 out of 271 not null value do not have correct prefix 'WCAS' in FacilityID
2016-12-13 16:35:18,467 ...
2016-12-13 16:35:20,542 Scanning RPUD.wControlValve...
2016-12-13 16:35:20,542 Total count in RPUD.wControlValve is: 6265
2016-12-13 16:35:20,542 1 null value found in field FACILITYID
2016-12-13 16:35:20,542 0 out of 6264 not null value do not have correct prefix 'WCV' in FacilityID
2016-12-13 16:35:20,542 ...
2016-12-13 16:35:28,851 Scanning RPUD.wFitting...
2016-12-13 16:35:28,851 Total count in RPUD.wFitting is: 104091
2016-12-13 16:35:28,851 2 null value found in field FACILITYID
2016-12-13 16:35:28,851 1 out of 104089 not null value do not have correct prefix 'WFIT' in FacilityID
2016-12-13 16:35:28,851 ...
2016-12-13 16:35:29,772 Scanning RPUD.wGravityMain...
2016-12-13 16:35:29,772 Total count in RPUD.wGravityMain is: 86
2016-12-13 16:35:29,772 0 null value found in field FACILITYID
2016-12-13 16:35:29,772 0 out of 86 not null value do not have correct prefix 'WGM' in FacilityID
2016-12-13 16:35:29,772 ...
2016-12-13 16:35:33,312 Scanning RPUD.wHydrant...
2016-12-13 16:35:33,312 Total count in RPUD.wHydrant is: 27467
2016-12-13 16:35:33,312 13 null value found in field FACILITYID
2016-12-13 16:35:33,312 0 out of 27454 not null value do not have correct prefix 'WHYD' in FacilityID
2016-12-13 16:35:33,312 ...
2016-12-13 16:35:40,714 Scanning RPUD.wLateralLine...
2016-12-13 16:35:40,714 Total count in RPUD.wLateralLine is: 93222
2016-12-13 16:35:40,714 7 null value found in field FACILITYID
2016-12-13 16:35:40,714 0 out of 93215 not null value do not have correct prefix 'WLAT' in FacilityID
2016-12-13 16:35:40,714 ...
2016-12-13 16:35:41,510 Scanning RPUD.wNetworkStructure...
2016-12-13 16:35:41,510 Total count in RPUD.wNetworkStructure is: 74
2016-12-13 16:35:41,510 2 null value found in field FACILITYID
2016-12-13 16:35:41,510 0 out of 72 not null value do not have correct prefix 'WNS' in FacilityID
2016-12-13 16:35:41,510 ...
2016-12-13 16:35:49,188 Scanning RPUD.wPressureMain...
2016-12-13 16:35:49,188 Total count in RPUD.wPressureMain is: 93481
2016-12-13 16:35:49,188 7 null value found in field FACILITYID
2016-12-13 16:35:49,188 0 out of 93474 not null value do not have correct prefix 'WMN' in FacilityID
2016-12-13 16:35:49,188 ...
2016-12-13 16:35:50,312 Scanning RPUD.wSamplingStation...
2016-12-13 16:35:50,312 Total count in RPUD.wSamplingStation is: 249
2016-12-13 16:35:50,312 0 null value found in field FACILITYID
2016-12-13 16:35:50,312 0 out of 249 not null value do not have correct prefix 'WSS' in FacilityID
2016-12-13 16:35:50,312 ...
2016-12-13 16:36:04,612 Scanning RPUD.wServiceConnection...
2016-12-13 16:36:04,612 Total count in RPUD.wServiceConnection is: 191361
2016-12-13 16:36:04,612 2 null value found in field FACILITYID
2016-12-13 16:36:04,612 2 out of 191359 not null value do not have correct prefix 'WSC' in FacilityID
2016-12-13 16:36:04,612 ...
2016-12-13 16:36:10,375 Scanning RPUD.wSystemValve...
2016-12-13 16:36:10,375 Total count in RPUD.wSystemValve is: 66171
2016-12-13 16:36:10,375 4 null value found in field FACILITYID
2016-12-13 16:36:10,375 3 out of 66167 not null value do not have correct prefix 'WSV' in FacilityID
2016-12-13 16:36:10,375 ...
2016-12-13 16:36:14,059 Scanning RPUD.ssAerial...
2016-12-13 16:36:14,059 Total count in RPUD.ssAerial is: 765
2016-12-13 16:36:14,059 0 null value found in field FACILITYID
2016-12-13 16:36:14,059 0 out of 765 not null value do not have correct prefix 'SAM' in FacilityID
2016-12-13 16:36:14,059 ...
2016-12-13 16:36:15,167 Scanning RPUD.ssCasing...
2016-12-13 16:36:15,167 Total count in RPUD.ssCasing is: 397
2016-12-13 16:36:15,167 0 null value found in field FACILITYID
2016-12-13 16:36:15,167 0 out of 397 not null value do not have correct prefix 'SCA' in FacilityID
2016-12-13 16:36:15,167 ...
2016-12-13 16:36:20,006 Scanning RPUD.ssCleanout...
2016-12-13 16:36:20,006 Total count in RPUD.ssCleanout is: 54261
2016-12-13 16:36:20,006 0 null value found in field FACILITYID
2016-12-13 16:36:20,006 0 out of 54261 not null value do not have correct prefix 'SCO' in FacilityID
2016-12-13 16:36:20,006 ...
2016-12-13 16:36:21,269 Scanning RPUD.ssControlValve...
2016-12-13 16:36:21,269 Total count in RPUD.ssControlValve is: 429
2016-12-13 16:36:21,269 0 null value found in field FACILITYID
2016-12-13 16:36:21,269 0 out of 429 not null value do not have correct prefix 'SCV' in FacilityID
2016-12-13 16:36:21,269 ...
2016-12-13 16:36:25,061 Scanning RPUD.ssFitting...
2016-12-13 16:36:25,061 Total count in RPUD.ssFitting is: 38916
2016-12-13 16:36:25,061 0 null value found in field FACILITYID
2016-12-13 16:36:25,061 0 out of 38916 not null value do not have correct prefix 'SF' in FacilityID
2016-12-13 16:36:25,061 ...
2016-12-13 16:36:26,278 Scanning RPUD.ssForceMain...
2016-12-13 16:36:26,278 Total count in RPUD.ssForceMain is: 1538
2016-12-13 16:36:26,278 0 null value found in field FACILITYID
2016-12-13 16:36:26,278 0 out of 1538 not null value do not have correct prefix 'SFMN' in FacilityID
2016-12-13 16:36:26,278 ...
2016-12-13 16:36:33,368 Scanning RPUD.ssGravityMain...
2016-12-13 16:36:33,368 Total count in RPUD.ssGravityMain is: 69656
2016-12-13 16:36:33,368 1 null value found in field FACILITYID
2016-12-13 16:36:33,368 0 out of 69655 not null value do not have correct prefix 'SGMN' in FacilityID
2016-12-13 16:36:33,368 ...
2016-12-13 16:36:34,446 Scanning RPUD.ssGreaseTrap...
2016-12-13 16:36:34,446 Total count in RPUD.ssGreaseTrap is: 161
2016-12-13 16:36:34,446 0 null value found in field FACILITYID
2016-12-13 16:36:34,446 0 out of 161 not null value do not have correct prefix 'SGT' in FacilityID
2016-12-13 16:36:34,446 ...
2016-12-13 16:36:39,447 Scanning RPUD.ssLateralLine...
2016-12-13 16:36:39,447 Total count in RPUD.ssLateralLine is: 55239
2016-12-13 16:36:39,447 0 null value found in field FACILITYID
2016-12-13 16:36:39,447 0 out of 55239 not null value do not have correct prefix 'SLAT' in FacilityID
2016-12-13 16:36:39,447 ...
2016-12-13 16:36:47,244 Scanning RPUD.ssManhole...
2016-12-13 16:36:47,244 Total count in RPUD.ssManhole is: 69373
2016-12-13 16:36:47,244 2 null value found in field FACILITYID
2016-12-13 16:36:47,244 0 out of 69371 not null value do not have correct prefix 'SMH' in FacilityID
2016-12-13 16:36:47,244 ...
2016-12-13 16:36:47,947 Scanning RPUD.ssMeterStation...
2016-12-13 16:36:47,947 Total count in RPUD.ssMeterStation is: 9
2016-12-13 16:36:47,947 0 null value found in field FACILITYID
2016-12-13 16:36:47,947 0 out of 9 not null value do not have correct prefix 'SMS' in FacilityID
2016-12-13 16:36:47,947 ...
2016-12-13 16:36:49,053 Scanning RPUD.ssNetworkStructure...
2016-12-13 16:36:49,053 Total count in RPUD.ssNetworkStructure is: 187
2016-12-13 16:36:49,053 0 null value found in field FACILITYID
2016-12-13 16:36:49,053 0 out of 187 not null value do not have correct prefix 'SNS' in FacilityID
2016-12-13 16:36:49,053 ...
2016-12-13 16:36:50,286 Scanning RPUD.ssSystemValve...
2016-12-13 16:36:50,286 Total count in RPUD.ssSystemValve is: 364
2016-12-13 16:36:50,286 0 null value found in field FACILITYID
2016-12-13 16:36:50,286 0 out of 364 not null value do not have correct prefix 'SSV' in FacilityID
2016-12-13 16:36:50,286 ...
2016-12-13 16:36:53,267 Scanning RPUD.rCasing...
2016-12-13 16:36:53,267 Total count in RPUD.rCasing is: 3
2016-12-13 16:36:53,267 0 null value found in field FACILITYID
2016-12-13 16:36:53,267 0 out of 3 not null value do not have correct prefix 'RCAS' in FacilityID
2016-12-13 16:36:53,267 ...
2016-12-13 16:36:54,470 Scanning RPUD.rControlValve...
2016-12-13 16:36:54,470 Total count in RPUD.rControlValve is: 108
2016-12-13 16:36:54,470 0 null value found in field FACILITYID
2016-12-13 16:36:54,470 0 out of 108 not null value do not have correct prefix 'RCV' in FacilityID
2016-12-13 16:36:54,470 ...
2016-12-13 16:36:55,734 Scanning RPUD.rFitting...
2016-12-13 16:36:55,734 Total count in RPUD.rFitting is: 1719
2016-12-13 16:36:55,734 1 null value found in field FACILITYID
2016-12-13 16:36:55,734 0 out of 1718 not null value do not have correct prefix 'RFIT' in FacilityID
2016-12-13 16:36:55,734 ...
2016-12-13 16:36:56,592 Scanning RPUD.rHydrant...
2016-12-13 16:36:56,592 Total count in RPUD.rHydrant is: 16
2016-12-13 16:36:56,592 0 null value found in field FACILITYID
2016-12-13 16:36:56,592 0 out of 16 not null value do not have correct prefix 'RHYD' in FacilityID
2016-12-13 16:36:56,592 ...
2016-12-13 16:36:57,747 Scanning RPUD.rLateralLine...
2016-12-13 16:36:57,747 Total count in RPUD.rLateralLine is: 1232
2016-12-13 16:36:57,747 3 null value found in field FACILITYID
2016-12-13 16:36:57,747 0 out of 1229 not null value do not have correct prefix 'RLAT' in FacilityID
2016-12-13 16:36:57,747 ...
2016-12-13 16:36:58,510 Scanning RPUD.rNetworkStructure...
2016-12-13 16:36:58,510 Total count in RPUD.rNetworkStructure is: 6
2016-12-13 16:36:58,510 0 null value found in field FACILITYID
2016-12-13 16:36:58,510 0 out of 6 not null value do not have correct prefix 'RNS' in FacilityID
2016-12-13 16:36:58,510 ...
2016-12-13 16:36:59,740 Scanning RPUD.rPressureMain...
2016-12-13 16:36:59,740 Total count in RPUD.rPressureMain is: 870
2016-12-13 16:36:59,740 1 null value found in field FACILITYID
2016-12-13 16:36:59,740 0 out of 869 not null value do not have correct prefix 'RMN' in FacilityID
2016-12-13 16:36:59,740 ...
2016-12-13 16:37:00,526 Scanning RPUD.rSamplingStation...
2016-12-13 16:37:00,526 Total count in RPUD.rSamplingStation is: 6
2016-12-13 16:37:00,526 6 null value found in field FACILITYID
2016-12-13 16:37:00,526 0 out of 0 not null value do not have correct prefix 'RSS' in FacilityID
2016-12-13 16:37:00,528 ...
2016-12-13 16:37:01,348 Scanning RPUD.rServiceConnection...
2016-12-13 16:37:01,348 Total count in RPUD.rServiceConnection is: 29
2016-12-13 16:37:01,348 0 null value found in field FACILITYID
2016-12-13 16:37:01,348 0 out of 29 not null value do not have correct prefix 'RSC' in FacilityID
2016-12-13 16:37:01,348 ...
2016-12-13 16:37:02,569 Scanning RPUD.rSystemValve...
2016-12-13 16:37:02,569 Total count in RPUD.rSystemValve is: 231
2016-12-13 16:37:02,569 0 null value found in field FACILITYID
2016-12-13 16:37:02,569 0 out of 231 not null value do not have correct prefix 'RSV' in FacilityID
2016-12-13 16:37:02,571 ...
2016-12-13 16:37:02,571 End
